{
  "RSpec": {
    "coverage": {
      "/home/skripko_a/rails_projects/chat/app/models/comment.rb": [
        1,
        1,
        1,
        1,
        1,
        1,
        1,
        null
      ],
      "/home/skripko_a/rails_projects/chat/app/models/picture.rb": [
        1,
        1,
        null,
        1,
        1,
        1,
        1,
        1,
        6,
        null,
        1,
        null,
        1,
        0,
        0,
        null,
        null,
        null
      ],
      "/home/skripko_a/rails_projects/chat/app/models/category.rb": [
        1,
        1,
        1,
        1,
        1,
        1,
        1,
        6,
        null,
        null
      ],
      "/home/skripko_a/rails_projects/chat/app/uploaders/avatar_uploader.rb": [
        0,
        0,
        0,
        0,
        0,
        0,
        0,
        0,
        0,
        0,
        0,
        0,
        0,
        0,
        0,
        0,
        0,
        0,
        0,
        0,
        0,
        0,
        0,
        0,
        0,
        0,
        0,
        0,
        0,
        0,
        0,
        0,
        0,
        0,
        0,
        0,
        0,
        0,
        0,
        0,
        0,
        0,
        0,
        0,
        0,
        0,
        0,
        0,
        0,
        0,
        0,
        0,
        0,
        0
      ],
      "/home/skripko_a/rails_projects/chat/app/controllers/user_categories_controller.rb": [
        0,
        0,
        0,
        0,
        0,
        0,
        0,
        0,
        0,
        0,
        0,
        0,
        0,
        0,
        0,
        0,
        0,
        0
      ],
      "/home/skripko_a/rails_projects/chat/app/controllers/application_controller.rb": [
        0,
        0,
        0,
        0,
        0,
        0,
        0,
        0,
        0,
        0,
        0,
        0,
        0,
        0,
        0,
        0,
        0,
        0,
        0,
        0,
        0,
        0
      ],
      "/home/skripko_a/rails_projects/chat/app/controllers/likes_controller.rb": [
        0,
        0,
        0,
        0,
        0,
        0,
        0,
        0,
        0,
        0,
        0,
        0,
        0,
        0,
        0,
        0,
        0,
        0,
        0,
        0,
        0,
        0,
        0,
        0,
        0,
        0,
        0,
        0,
        0,
        0,
        0,
        0
      ],
      "/home/skripko_a/rails_projects/chat/app/controllers/users/omniauth_callbacks_controller.rb": [
        0,
        0,
        0,
        0,
        0,
        0,
        0,
        0,
        0,
        0,
        0,
        0,
        0,
        0,
        0,
        0,
        0,
        0,
        0,
        0,
        0,
        0,
        0,
        0,
        0,
        0,
        0,
        0,
        0,
        0,
        0,
        0,
        0,
        0,
        0,
        0,
        0,
        0,
        0,
        0,
        0,
        0
      ],
      "/home/skripko_a/rails_projects/chat/app/controllers/users/confirmations_controller.rb": [
        0,
        0,
        0,
        0,
        0,
        0,
        0,
        0,
        0,
        0,
        0,
        0,
        0,
        0,
        0,
        0,
        0,
        0,
        0,
        0,
        0,
        0,
        0,
        0,
        0,
        0,
        0,
        0
      ],
      "/home/skripko_a/rails_projects/chat/app/controllers/users/registrations_controller.rb": [
        0,
        0,
        0,
        0,
        0,
        0,
        0,
        0,
        0,
        0,
        0,
        0,
        0,
        0,
        0,
        0,
        0,
        0,
        0,
        0,
        0,
        0,
        0,
        0,
        0,
        0,
        0,
        0,
        0,
        0,
        0,
        0,
        0,
        0,
        0,
        0,
        0,
        0,
        0,
        0,
        0,
        0,
        0,
        0,
        0,
        0,
        0,
        0,
        0,
        0,
        0,
        0,
        0,
        0,
        0,
        0,
        0,
        0,
        0,
        0
      ],
      "/home/skripko_a/rails_projects/chat/app/controllers/users/unlocks_controller.rb": [
        0,
        0,
        0,
        0,
        0,
        0,
        0,
        0,
        0,
        0,
        0,
        0,
        0,
        0,
        0,
        0,
        0,
        0,
        0,
        0,
        0,
        0,
        0,
        0,
        0,
        0,
        0,
        0
      ],
      "/home/skripko_a/rails_projects/chat/app/controllers/users/passwords_controller.rb": [
        0,
        0,
        0,
        0,
        0,
        0,
        0,
        0,
        0,
        0,
        0,
        0,
        0,
        0,
        0,
        0,
        0,
        0,
        0,
        0,
        0,
        0,
        0,
        0,
        0,
        0,
        0,
        0,
        0,
        0,
        0,
        0
      ],
      "/home/skripko_a/rails_projects/chat/app/controllers/users/sessions_controller.rb": [
        0,
        0,
        0,
        0,
        0,
        0,
        0,
        0,
        0,
        0,
        0,
        0,
        0,
        0,
        0,
        0,
        0,
        0,
        0,
        0,
        0,
        0,
        0,
        0,
        0,
        0,
        0,
        0,
        0,
        0,
        0,
        0,
        0,
        0,
        0,
        0,
        0,
        0,
        0,
        0,
        0,
        0,
        0,
        0
      ],
      "/home/skripko_a/rails_projects/chat/app/controllers/messages_controller.rb": [
        0,
        0,
        0,
        0,
        0,
        0,
        0,
        0,
        0,
        0,
        0,
        0,
        0,
        0
      ],
      "/home/skripko_a/rails_projects/chat/app/controllers/comments_controller.rb": [
        0,
        0,
        0,
        0,
        0,
        0,
        0,
        0,
        0,
        0,
        0,
        0,
        0,
        0,
        0,
        0,
        0,
        0,
        0,
        0,
        0,
        0,
        0,
        0,
        0
      ],
      "/home/skripko_a/rails_projects/chat/app/controllers/pictures_controller.rb": [
        0,
        0,
        0,
        0,
        0,
        0,
        0,
        0,
        0,
        0,
        0,
        0,
        0,
        0,
        0,
        0,
        0,
        0,
        0,
        0,
        0,
        0,
        0,
        0,
        0,
        0,
        0,
        0,
        0,
        0,
        0,
        0,
        0,
        0,
        0,
        0,
        0,
        0,
        0
      ],
      "/home/skripko_a/rails_projects/chat/app/controllers/events_controller.rb": [
        0,
        0,
        0,
        0,
        0
      ],
      "/home/skripko_a/rails_projects/chat/app/controllers/conversations_controller.rb": [
        0,
        0,
        0,
        0,
        0,
        0,
        0,
        0,
        0,
        0,
        0,
        0,
        0,
        0,
        0,
        0,
        0,
        0,
        0,
        0,
        0,
        0,
        0,
        0,
        0,
        0,
        0,
        0,
        0,
        0,
        0,
        0,
        0,
        0,
        0,
        0,
        0,
        0,
        0,
        0,
        0,
        0
      ],
      "/home/skripko_a/rails_projects/chat/app/controllers/categories_controller.rb": [
        0,
        0,
        0,
        0,
        0,
        0,
        0,
        0,
        0,
        0,
        0,
        0,
        0,
        0,
        0,
        0,
        0,
        0,
        0,
        0,
        0,
        0,
        0,
        0,
        0,
        0,
        0,
        0,
        0,
        0,
        0,
        0,
        0,
        0,
        0,
        0,
        0
      ],
      "/home/skripko_a/rails_projects/chat/app/mailers/application_mailer.rb": [
        0,
        0,
        0,
        0
      ],
      "/home/skripko_a/rails_projects/chat/app/mailers/user_mailer.rb": [
        0,
        0,
        0,
        0,
        0,
        0,
        0,
        0,
        0,
        0,
        0,
        0,
        0,
        0,
        0
      ],
      "/home/skripko_a/rails_projects/chat/app/channels/chat_notifications_channel.rb": [
        0,
        0,
        0,
        0,
        0,
        0,
        0,
        0,
        0,
        0,
        0,
        0,
        0,
        0,
        0
      ],
      "/home/skripko_a/rails_projects/chat/app/channels/application_cable/connection.rb": [
        0,
        0,
        0,
        0,
        0,
        0,
        0,
        0,
        0,
        0,
        0,
        0,
        0,
        0,
        0,
        0,
        0,
        0,
        0,
        0
      ],
      "/home/skripko_a/rails_projects/chat/app/channels/application_cable/channel.rb": [
        0,
        0,
        0,
        0
      ],
      "/home/skripko_a/rails_projects/chat/app/jobs/message_broadcast_job.rb": [
        0,
        0,
        0,
        0,
        0,
        0,
        0,
        0,
        0,
        0,
        0,
        0,
        0,
        0,
        0,
        0,
        0
      ],
      "/home/skripko_a/rails_projects/chat/app/jobs/application_job.rb": [
        0,
        0
      ],
      "/home/skripko_a/rails_projects/chat/app/helpers/conversations_helper.rb": [
        0,
        0
      ],
      "/home/skripko_a/rails_projects/chat/app/helpers/likes_helper.rb": [
        0,
        0
      ],
      "/home/skripko_a/rails_projects/chat/app/helpers/application_helper.rb": [
        0,
        0
      ],
      "/home/skripko_a/rails_projects/chat/app/helpers/user_categories_helper.rb": [
        0,
        0
      ],
      "/home/skripko_a/rails_projects/chat/app/helpers/categories_helper.rb": [
        0,
        0
      ],
      "/home/skripko_a/rails_projects/chat/app/helpers/comments_helper.rb": [
        0,
        0
      ],
      "/home/skripko_a/rails_projects/chat/app/helpers/events_helper.rb": [
        0,
        0
      ],
      "/home/skripko_a/rails_projects/chat/app/helpers/pictures_helper.rb": [
        0,
        0
      ],
      "/home/skripko_a/rails_projects/chat/app/models/event.rb": [
        0,
        0,
        0,
        0,
        0
      ],
      "/home/skripko_a/rails_projects/chat/app/models/conversations_user.rb": [
        0,
        0,
        0,
        0
      ],
      "/home/skripko_a/rails_projects/chat/app/models/like.rb": [
        0,
        0,
        0,
        0,
        0,
        0,
        0
      ],
      "/home/skripko_a/rails_projects/chat/app/models/message.rb": [
        0,
        0,
        0,
        0,
        0,
        0,
        0,
        0
      ],
      "/home/skripko_a/rails_projects/chat/app/models/user_category.rb": [
        0,
        0,
        0,
        0
      ],
      "/home/skripko_a/rails_projects/chat/app/models/application_record.rb": [
        0,
        0,
        0
      ],
      "/home/skripko_a/rails_projects/chat/app/models/user.rb": [
        0,
        0,
        0,
        0,
        0,
        0,
        0,
        0,
        0,
        0,
        0,
        0,
        0,
        0,
        0,
        0,
        0,
        0,
        0,
        0,
        0,
        0,
        0,
        0,
        0,
        0,
        0,
        0,
        0,
        0,
        0,
        0,
        0,
        0,
        0,
        0,
        0,
        0,
        0,
        0,
        0,
        0
      ],
      "/home/skripko_a/rails_projects/chat/app/models/conversation.rb": [
        0,
        0,
        0,
        0,
        0
      ],
      "/home/skripko_a/rails_projects/chat/lib/devise/models/my_strategy.rb": [
        0,
        0,
        0,
        0,
        0,
        0,
        0,
        0,
        0,
        0,
        0,
        0,
        0,
        0,
        0,
        0,
        0,
        0
      ]
    },
    "timestamp": 1484299662
  }
}
